d:\aci\achybreakyhar\bin\achybreakyhar_debug.lib
d:\aci\achybreakyhar\bin\achybreakyhar_debug.exp
d:\aci\achybreakyhar\obj\debug\ofxcvimage.obj
d:\aci\achybreakyhar\obj\debug\main.obj
d:\aci\achybreakyhar\obj\debug\ofxcvcontourfinder.obj
d:\aci\achybreakyhar\obj\debug\ofxcvhaarfinder.obj
d:\aci\achybreakyhar\obj\debug\ofxcvfloatimage.obj
d:\aci\achybreakyhar\obj\debug\ofxcvgrayscaleimage.obj
d:\aci\achybreakyhar\obj\debug\ofxcvcolorimage.obj
d:\aci\achybreakyhar\obj\debug\ofapp.obj
d:\aci\achybreakyhar\obj\debug\ofxcvshortimage.obj
d:\aci\achybreakyhar\obj\debug\vc141.pdb
d:\aci\achybreakyhar\bin\achybreakyhar_debug.exe
d:\aci\achybreakyhar\bin\achybreakyhar_debug.ilk
d:\aci\achybreakyhar\bin\achybreakyhar_debug.pdb
d:\aci\achybreakyhar\obj\debug\icon.res
d:\aci\achybreakyhar\obj\debug\achybreakyhar.tlog\achybreakyhar.write.1u.tlog
d:\aci\achybreakyhar\obj\debug\achybreakyhar.tlog\cl.command.1.tlog
d:\aci\achybreakyhar\obj\debug\achybreakyhar.tlog\cl.read.1.tlog
d:\aci\achybreakyhar\obj\debug\achybreakyhar.tlog\cl.write.1.tlog
d:\aci\achybreakyhar\obj\debug\achybreakyhar.tlog\link.command.1.tlog
d:\aci\achybreakyhar\obj\debug\achybreakyhar.tlog\link.read.1.tlog
d:\aci\achybreakyhar\obj\debug\achybreakyhar.tlog\link.write.1.tlog
d:\aci\achybreakyhar\obj\debug\achybreakyhar.tlog\rc.command.1.tlog
d:\aci\achybreakyhar\obj\debug\achybreakyhar.tlog\rc.read.1.tlog
d:\aci\achybreakyhar\obj\debug\achybreakyhar.tlog\rc.write.1.tlog
